<?xml version="1.0" encoding="UTF-8"?>
<!-- Generated by org.testng.reporters.JUnitReportReporter -->
<testsuite hostname="w8" name="com.wh.qa.tests.WHTest" tests="1" failures="0" timestamp="14 May 2022 10:55:11 GMT" time="23.724" errors="0">
  <testcase name="myReviewTest" time="23.724" classname="com.wh.qa.tests.WHTest"/>
</testsuite> <!-- com.wh.qa.tests.WHTest -->
