<?xml version="1.0" encoding="UTF-8"?>
<!-- Generated by org.testng.reporters.JUnitReportReporter -->
<testsuite hostname="w8" name="com.wh.qa.tests.FacebookPageTest" tests="2" failures="0" timestamp="15 May 2022 07:53:13 GMT" time="23.135" errors="0">
  <testcase name="loginTest" time="11.985" classname="com.wh.qa.tests.FacebookPageTest"/>
  <testcase name="loginPageTitleTest" time="11.150" classname="com.wh.qa.tests.FacebookPageTest"/>
</testsuite> <!-- com.wh.qa.tests.FacebookPageTest -->
