<?xml version="1.0" encoding="UTF-8"?>
<!-- Generated by org.testng.reporters.JUnitReportReporter -->
<testsuite hostname="w8" name="com.wh.qa.tests.FacebookHomePageTest" tests="1" failures="0" timestamp="14 May 2022 13:56:32 GMT" time="22.073" errors="0">
  <testcase name="verifyfbHomePageTitleTest" time="22.073" classname="com.wh.qa.tests.FacebookHomePageTest"/>
</testsuite> <!-- com.wh.qa.tests.FacebookHomePageTest -->
